<?xml version="1.0" encoding="UTF-8"?>
<!-- Generated by org.testng.reporters.JUnitReportReporter -->
<testsuite skipped="0" hostname="DESKTOP-RJ3T7JI" name="RestAssured.RestAssured.get002" tests="1" failures="0" timestamp="2020-02-08T12:49:57 IST" time="2.207" errors="0">
  <testcase name="getweatherDetails" time="2.207" classname="RestAssured.RestAssured.get002"/>
  <system-out/>
</testsuite> <!-- RestAssured.RestAssured.get002 -->
