<?xml version="1.0" encoding="UTF-8"?>
<!-- Generated by org.testng.reporters.JUnitReportReporter -->
<testsuite skipped="0" hostname="DESKTOP-RJ3T7JI" name="RestAssured.RestAssured.post001" tests="1" failures="0" timestamp="2020-02-08T11:34:05 IST" time="7.539" errors="0">
  <testcase name="RegistrationSuccessful" time="7.539" classname="RestAssured.RestAssured.post001"/>
  <system-out/>
</testsuite> <!-- RestAssured.RestAssured.post001 -->
