<?xml version="1.0" encoding="UTF-8"?>
<!-- Generated by org.testng.reporters.JUnitReportReporter -->
<testsuite skipped="0" hostname="DESKTOP-RJ3T7JI" name="RestAssured.RestAssured.Googleapi" tests="1" failures="0" timestamp="2020-02-08T11:39:42 IST" time="2.400" errors="0">
  <testcase name="googleMapTest" time="2.400" classname="RestAssured.RestAssured.Googleapi"/>
  <system-out/>
</testsuite> <!-- RestAssured.RestAssured.Googleapi -->
