<?xml version="1.0" encoding="UTF-8"?>
<!-- Generated by org.testng.reporters.JUnitReportReporter -->
<testsuite skipped="0" hostname="DESKTOP-RJ3T7JI" name="RestAssured.RestAssured.get001" tests="1" failures="0" timestamp="2020-02-07T22:11:33 IST" time="2.319" errors="0">
  <testcase name="getweatherDetails" time="2.319" classname="RestAssured.RestAssured.get001"/>
  <system-out/>
</testsuite> <!-- RestAssured.RestAssured.get001 -->
