<?xml version="1.0" encoding="UTF-8"?>
<!-- Generated by org.testng.reporters.JUnitReportReporter -->
<testsuite skipped="0" hostname="DESKTOP-RJ3T7JI" name="RestAssured.RestAssured.demoget" tests="1" failures="0" timestamp="2020-02-07T22:30:41 IST" time="2.016" errors="0">
  <testcase name="getd" time="2.016" classname="RestAssured.RestAssured.demoget"/>
  <system-out/>
</testsuite> <!-- RestAssured.RestAssured.demoget -->
