<?xml version="1.0" encoding="UTF-8"?>
<!-- Generated by org.testng.reporters.JUnitReportReporter -->
<testsuite skipped="0" hostname="DESKTOP-RJ3T7JI" name="RestAssured.RestAssured.GetRequest" tests="1" failures="0" timestamp="2020-02-08T12:20:41 IST" time="1.900" errors="0">
  <testcase name="getWeatherdetails" time="1.900" classname="RestAssured.RestAssured.GetRequest"/>
  <system-out/>
</testsuite> <!-- RestAssured.RestAssured.GetRequest -->
